<?xml version="1.0" encoding="UTF-8"?>
<testsuite xmlns:xsi="http://www.w3.org/2001/XMLSchema-instance" xsi:noNamespaceSchemaLocation="https://maven.apache.org/surefire/maven-surefire-plugin/xsd/surefire-test-report.xsd" name="com.BankingSystemTest" time="0.015" tests="15" errors="0" skipped="0" failures="0">
  <properties>
[...]
</properties>
  <testcase name="testTransferMoneyBetweenAccounts" classname="com.BankingSystemTest" time="0.007"/>
  <testcase name="testComplexTransfer" classname="com.BankingSystemTest" time="0"/>
  <testcase name="testDepositToAccount" classname="com.BankingSystemTest" time="0"/>
  <testcase name="testMultipleAccounts" classname="com.BankingSystemTest" time="0"/>
  <testcase name="testWithdrawFromAccount" classname="com.BankingSystemTest" time="0"/>
  <testcase name="testCreateAccountWithNegativeBalance" classname="com.BankingSystemTest" time="0.001"/>
  <testcase name="testAccountExistsWithPositiveBalance" classname="com.BankingSystemTest" time="0"/>
  <testcase name="testCreateAccountWithValidBalance" classname="com.BankingSystemTest" time="0"/>
  <testcase name="testAccountExistsWithNegativeBalance" classname="com.BankingSystemTest" time="0"/>
  <testcase name="testTransferToNonExistingAccount" classname="com.BankingSystemTest" time="0.001"/>
  <testcase name="testDepositNegativeAmount" classname="com.BankingSystemTest" time="0"/>
  <testcase name="testWithdrawMoreThanBalance" classname="com.BankingSystemTest" time="0.001"/>
  <testcase name="testTransferMoreThanBalance" classname="com.BankingSystemTest" time="0"/>
  <testcase name="testWithdrawNegativeAmount" classname="com.BankingSystemTest" time="0"/>
  <testcase name="testAccountExistsWithZeroBalance" classname="com.BankingSystemTest" time="0.001"/>
</testsuite>